Running with 50*40 (== 2000) tasks.
Time: 88.613
make all
make[1]: Entering directory '/root/byte-unixbench/UnixBench'
make distr
make[2]: Entering directory '/root/byte-unixbench/UnixBench'
Checking distribution of files
./pgms  exists
./src  exists
./testdir  exists
./tmp  exists
./results  exists
make[2]: Leaving directory '/root/byte-unixbench/UnixBench'
make programs
make[2]: Entering directory '/root/byte-unixbench/UnixBench'
make[2]: Nothing to be done for 'programs'.
make[2]: Leaving directory '/root/byte-unixbench/UnixBench'
make[1]: Leaving directory '/root/byte-unixbench/UnixBench'
sh: 1: 3dinfo: not found

   #    #  #    #  #  #    #          #####   ######  #    #   ####   #    #
   #    #  ##   #  #   #  #           #    #  #       ##   #  #    #  #    #
   #    #  # #  #  #    ##            #####   #####   # #  #  #       ######
   #    #  #  # #  #    ##            #    #  #       #  # #  #       #    #
   #    #  #   ##  #   #  #           #    #  #       #   ##  #    #  #    #
    ####   #    #  #  #    #          #####   ######  #    #   ####   #    #

   Version 5.1.3                      Based on the Byte Magazine Unix Benchmark

   Multi-CPU version                  Version 5 revisions by Ian Smith,
                                      Sunnyvale, CA, USA
   January 13, 2011                   johantheghost at yahoo period com

------------------------------------------------------------------------------
   Use directories for:
      * File I/O tests (named fs***) = /root/byte-unixbench/UnixBench/tmp
      * Results                      = /root/byte-unixbench/UnixBench/results
------------------------------------------------------------------------------

Use of uninitialized value in printf at ./Run line 1469.
Use of uninitialized value in printf at ./Run line 1470.
Use of uninitialized value in printf at ./Run line 1469.
Use of uninitialized value in printf at ./Run line 1470.
Use of uninitialized value in printf at ./Run line 1721.
Use of uninitialized value in printf at ./Run line 1722.
Use of uninitialized value in printf at ./Run line 1721.
Use of uninitialized value in printf at ./Run line 1722.

1 x Dhrystone 2 using register variables  1 2 3 4 5 6 7 8 9 10

1 x Double-Precision Whetstone  1 2 3 4 5 6 7 8 9 10

1 x Execl Throughput  1 2 3

1 x File Copy 1024 bufsize 2000 maxblocks  1 2 3

1 x File Copy 256 bufsize 500 maxblocks  1 2 3

1 x File Copy 4096 bufsize 8000 maxblocks  1 2 3

1 x Pipe Throughput  1 2 3 4 5 6 7 8 9 10

1 x Pipe-based Context Switching  1 2 3 4 5 6 7 8 9 10

1 x Process Creation  1 2 3

1 x System Call Overhead  1 2 3 4 5 6 7 8 9 10

1 x Shell Scripts (1 concurrent)  1 2 3

1 x Shell Scripts (8 concurrent)  1 2 3

2 x Dhrystone 2 using register variables  1 2 3 4 5 6 7 8 9 10

2 x Double-Precision Whetstone  1 2 3 4 5 6 7 8 9 10

2 x Execl Throughput  1 2 3

2 x File Copy 1024 bufsize 2000 maxblocks  1 2 3

2 x File Copy 256 bufsize 500 maxblocks  1 2 3

2 x File Copy 4096 bufsize 8000 maxblocks  1 2 3

2 x Pipe Throughput  1 2 3 4 5 6 7 8 9 10

2 x Pipe-based Context Switching  1 2 3 4 5 6 7 8 9 10

2 x Process Creation  1 2 3

2 x System Call Overhead  1 2 3 4 5 6 7 8 9 10

2 x Shell Scripts (1 concurrent)  1 2 3

2 x Shell Scripts (8 concurrent)  1 2 3

========================================================================
   BYTE UNIX Benchmarks (Version 5.1.3)

   System: ubuntu: GNU/Linux
   OS: GNU/Linux -- 5.15.0 -- #2 SMP PREEMPT Wed Apr 26 19:36:16 UTC 2023
   Machine: aarch64 (aarch64)
   Language: en_US.utf8 (charmap="UTF-8", collate="UTF-8")
   CPU 0:  (125.0 bogomips)

   CPU 1:  (125.0 bogomips)

   17:57:42 up  2:12,  2 users,  load average: 998.51, 349.82, 125.20; runlevel

------------------------------------------------------------------------
Benchmark Run: Sat Apr 29 2023 17:57:43 - 18:26:15
2 CPUs in system; running 1 parallel copy of tests

Dhrystone 2 using register variables        2246815.9 lps   (10.1 s, 7 samples)
Double-Precision Whetstone                      422.9 MWIPS (10.1 s, 7 samples)
Execl Throughput                                 53.4 lps   (29.6 s, 2 samples)
File Copy 1024 bufsize 2000 maxblocks         12491.3 KBps  (30.0 s, 2 samples)
File Copy 256 bufsize 500 maxblocks            3371.5 KBps  (30.0 s, 2 samples)
File Copy 4096 bufsize 8000 maxblocks         49978.4 KBps  (30.0 s, 2 samples)
Pipe Throughput                               17614.3 lps   (10.1 s, 7 samples)
Pipe-based Context Switching                   3303.5 lps   (10.1 s, 7 samples)
Process Creation                                339.6 lps   (30.1 s, 2 samples)
Shell Scripts (1 concurrent)                    188.9 lpm   (60.3 s, 2 samples)
Shell Scripts (8 concurrent)                     34.8 lpm   (61.1 s, 2 samples)
System Call Overhead                          13265.1 lps   (10.1 s, 7 samples)

System Benchmarks Index Values               BASELINE       RESULT    INDEX
Dhrystone 2 using register variables         116700.0    2246815.9    192.5
Double-Precision Whetstone                       55.0        422.9     76.9
Execl Throughput                                 43.0         53.4     12.4
File Copy 1024 bufsize 2000 maxblocks          3960.0      12491.3     31.5
File Copy 256 bufsize 500 maxblocks            1655.0       3371.5     20.4
File Copy 4096 bufsize 8000 maxblocks          5800.0      49978.4     86.2
Pipe Throughput                               12440.0      17614.3     14.2
Pipe-based Context Switching                   4000.0       3303.5      8.3
Process Creation                                126.0        339.6     27.0
Shell Scripts (1 concurrent)                     42.4        188.9     44.6
Shell Scripts (8 concurrent)                      6.0         34.8     58.1
System Call Overhead                          15000.0      13265.1      8.8
                                                                   ========
System Benchmarks Index Score                                          30.8

------------------------------------------------------------------------
Benchmark Run: Sat Apr 29 2023 18:26:15 - 18:55:03
2 CPUs in system; running 2 parallel copies of tests

Dhrystone 2 using register variables        4081267.3 lps   (10.1 s, 7 samples)
Double-Precision Whetstone                      804.8 MWIPS (10.1 s, 7 samples)
Execl Throughput                                 73.4 lps   (29.3 s, 2 samples)
File Copy 1024 bufsize 2000 maxblocks         25032.9 KBps  (30.0 s, 2 samples)
File Copy 256 bufsize 500 maxblocks            5385.3 KBps  (30.0 s, 2 samples)
File Copy 4096 bufsize 8000 maxblocks         94178.0 KBps  (30.0 s, 2 samples)
Pipe Throughput                               29669.9 lps   (10.1 s, 7 samples)
Pipe-based Context Switching                   7590.6 lps   (10.1 s, 7 samples)
Process Creation                                392.7 lps   (30.1 s, 2 samples)
Shell Scripts (1 concurrent)                    292.5 lpm   (60.2 s, 2 samples)
Shell Scripts (8 concurrent)                     34.5 lpm   (61.4 s, 2 samples)
System Call Overhead                          24407.7 lps   (10.1 s, 7 samples)

System Benchmarks Index Values               BASELINE       RESULT    INDEX
Dhrystone 2 using register variables         116700.0    4081267.3    349.7
Double-Precision Whetstone                       55.0        804.8    146.3
Execl Throughput                                 43.0         73.4     17.1
File Copy 1024 bufsize 2000 maxblocks          3960.0      25032.9     63.2
File Copy 256 bufsize 500 maxblocks            1655.0       5385.3     32.5
File Copy 4096 bufsize 8000 maxblocks          5800.0      94178.0    162.4
Pipe Throughput                               12440.0      29669.9     23.9
Pipe-based Context Switching                   4000.0       7590.6     19.0
Process Creation                                126.0        392.7     31.2
Shell Scripts (1 concurrent)                     42.4        292.5     69.0
Shell Scripts (8 concurrent)                      6.0         34.5     57.5
System Call Overhead                          15000.0      24407.7     16.3
                                                                   ========
System Benchmarks Index Score                                          50.4
